Build started 7/4/2015 7:46:14 PM.
     1>Project "F:\AIcontest\Pack1.5b\Pack\Bot C++\AI_Template\AI_Template.vcxproj" on node 2 (Build target(s)).
     1>ClCompile:
         C:\Program Files (x86)\Microsoft Visual Studio 12.0\VC\bin\CL.exe /c /I"F:\AIcontest\Pack1.5b\Pack\Bot C++\AI_Template\\include" /ZI /nologo /W3 /WX- /Od /Oy- /D WIN32 /D _DEBUG /D _CONSOLE /D _CRT_SECURE_NO_WARNINGS /D _UNICODE /D UNICODE /Gm /EHsc /RTC1 /MTd /GS /fp:precise /Zc:wchar_t /Zc:forScope /Fo"2008_Debug\\" /Fd"2008_Debug\vc120.pdb" /Gd /TP /analyze- /errorReport:prompt src\main.cpp
         main.cpp
       Link:
         C:\Program Files (x86)\Microsoft Visual Studio 12.0\VC\bin\link.exe /ERRORREPORT:PROMPT /OUT:"F:\AIcontest\Pack1.5b\Pack\Bot C++\2008_Debug\AI_Template.exe" /INCREMENTAL /NOLOGO /LIBPATH:"F:\AIcontest\Pack1.5b\Pack\Bot C++\AI_Template\\lib" AId.lib kernel32.lib user32.lib gdi32.lib winspool.lib comdlg32.lib advapi32.lib shell32.lib ole32.lib oleaut32.lib uuid.lib odbc32.lib odbccp32.lib /MANIFEST /MANIFESTUAC:"level='asInvoker' uiAccess='false'" /manifest:embed /DEBUG /PDB:"F:\AIcontest\Pack1.5b\Pack\Bot C++\2008_Debug\AI_Template.pdb" /SUBSYSTEM:CONSOLE /TLBID:1 /DYNAMICBASE /NXCOMPAT /IMPLIB:"F:\AIcontest\Pack1.5b\Pack\Bot C++\2008_Debug\AI_Template.lib" /MACHINE:X86 /SAFESEH 2008_Debug\main.obj
     1>main.obj : warning LNK4075: ignoring '/EDITANDCONTINUE' due to '/SAFESEH' specification
     1>AId.lib(Game.obj) : error LNK2019: unresolved external symbol "public: static void __cdecl std::_String_base::_Xran(void)" (?_Xran@_String_base@std@@SAXXZ) referenced in function "public: char const & __thiscall std::basic_string<char,struct std::char_traits<char>,class std::allocator<char> >::at(unsigned int)const " (?at@?$basic_string@DU?$char_traits@D@std@@V?$allocator@D@2@@std@@QBEABDI@Z)
     1>AId.lib(easywsclient.obj) : error LNK2001: unresolved external symbol "public: static void __cdecl std::_String_base::_Xran(void)" (?_Xran@_String_base@std@@SAXXZ)
     1>AId.lib(Game.obj) : error LNK2019: unresolved external symbol "public: __thiscall std::_Mutex::~_Mutex(void)" (??1_Mutex@std@@QAE@XZ) referenced in function "public: virtual __thiscall std::basic_streambuf<char,struct std::char_traits<char> >::~basic_streambuf<char,struct std::char_traits<char> >(void)" (??1?$basic_streambuf@DU?$char_traits@D@std@@@std@@UAE@XZ)
     1>AId.lib(Game.obj) : error LNK2001: unresolved external symbol "long const std::_BADOFF" (?_BADOFF@std@@3JB)
     1>AId.lib(Game.obj) : error LNK2019: unresolved external symbol "public: static void __cdecl std::_String_base::_Xlen(void)" (?_Xlen@_String_base@std@@SAXXZ) referenced in function "public: class std::basic_string<char,struct std::char_traits<char>,class std::allocator<char> > & __thiscall std::basic_string<char,struct std::char_traits<char>,class std::allocator<char> >::append(unsigned int,char)" (?append@?$basic_string@DU?$char_traits@D@std@@V?$allocator@D@2@@std@@QAEAAV12@ID@Z)
     1>AId.lib(easywsclient.obj) : error LNK2001: unresolved external symbol "public: static void __cdecl std::_String_base::_Xlen(void)" (?_Xlen@_String_base@std@@SAXXZ)
     1>AId.lib(Game.obj) : error LNK2019: unresolved external symbol "public: __thiscall std::_Mutex::_Mutex(void)" (??0_Mutex@std@@QAE@XZ) referenced in function "protected: __thiscall std::basic_streambuf<char,struct std::char_traits<char> >::basic_streambuf<char,struct std::char_traits<char> >(void)" (??0?$basic_streambuf@DU?$char_traits@D@std@@@std@@IAE@XZ)
     1>AId.lib(Game.obj) : error LNK2019: unresolved external symbol "private: static class std::locale::_Locimp * __cdecl std::locale::_Init(void)" (?_Init@locale@std@@CAPAV_Locimp@12@XZ) referenced in function "public: __thiscall std::locale::locale(void)" (??0locale@std@@QAE@XZ)
     1>AId.lib(Game.obj) : error LNK2019: unresolved external symbol "public: void __thiscall std::_Mutex::_Lock(void)" (?_Lock@_Mutex@std@@QAEXXZ) referenced in function "public: void __thiscall std::basic_streambuf<char,struct std::char_traits<char> >::_Lock(void)" (?_Lock@?$basic_streambuf@DU?$char_traits@D@std@@@std@@QAEXXZ)
     1>AId.lib(Game.obj) : error LNK2019: unresolved external symbol "public: void __thiscall std::_Mutex::_Unlock(void)" (?_Unlock@_Mutex@std@@QAEXXZ) referenced in function "public: void __thiscall std::basic_streambuf<char,struct std::char_traits<char> >::_Unlock(void)" (?_Unlock@?$basic_streambuf@DU?$char_traits@D@std@@@std@@QAEXXZ)
     1>AId.lib(Game.obj) : error LNK2019: unresolved external symbol "private: static void __cdecl std::locale::facet::facet_Register(class std::locale::facet *)" (?facet_Register@facet@locale@std@@CAXPAV123@@Z) referenced in function "public: void __thiscall std::locale::facet::_Register(void)" (?_Register@facet@locale@std@@QAEXXZ)
     1>AId.lib(Game.obj) : error LNK2019: unresolved external symbol "public: static void __cdecl std::_Locinfo::_Locinfo_ctor(class std::_Locinfo *,class std::basic_string<char,struct std::char_traits<char>,class std::allocator<char> > const &)" (?_Locinfo_ctor@_Locinfo@std@@SAXPAV12@ABV?$basic_string@DU?$char_traits@D@std@@V?$allocator@D@2@@2@@Z) referenced in function "public: __thiscall std::_Locinfo::_Locinfo(class std::basic_string<char,struct std::char_traits<char>,class std::allocator<char> > const &)" (??0_Locinfo@std@@QAE@ABV?$basic_string@DU?$char_traits@D@std@@V?$allocator@D@2@@1@@Z)
     1>F:\AIcontest\Pack1.5b\Pack\Bot C++\2008_Debug\AI_Template.exe : fatal error LNK1120: 10 unresolved externals
     1>Done Building Project "F:\AIcontest\Pack1.5b\Pack\Bot C++\AI_Template\AI_Template.vcxproj" (Build target(s)) -- FAILED.

Build FAILED.

Time Elapsed 00:00:01.67
